Change Component DesignItemId : Designator=C4 Old DesignItemId=Cap Pol1 New DesignItemId=Cap Semi
Change Component DesignItemId : Designator=C5 Old DesignItemId=Cap Pol1 New DesignItemId=Cap Semi
Change Component DesignItemId : Designator=L1 Old DesignItemId=Inductor Iron New DesignItemId=Inductor Isolated
Change Component Footprint: Designator=L1 Old Footprint=AXIAL-0.9 New Footprint=425
Change Component Footprint: Designator=C4 Old Footprint=RB7.6-15 New Footprint=C1206
Change Component Footprint: Designator=C5 Old Footprint=RB7.6-15 New Footprint=C1206
Change Component Comment : Designator=C4 Old Comment=10u/16 New Comment=Cap Semi
Change Component Comment : Designator=C5 Old Comment=100u/6V3 New Comment=Cap Semi
Change Component Comment : Designator=L1 Old Comment=DL22-330 New Comment=Inductor Isolated
Change Component Description : Designator=L1 Old Description=Magnetic-Core Inductor New Description=Isolated Inductor
Change Component Description : Designator=C4 Old Description=Polarized Capacitor (Radial) New Description=Capacitor (Semiconductor SIM Model)
Change Component Description : Designator=C5 Old Description=Polarized Capacitor (Radial) New Description=Capacitor (Semiconductor SIM Model)
Change component parameters: Designator = "C4" ("C4"); Footprint = "RB7.6-15"; UniqueID = "\VJLKYFYM" ("\VJLKYFYM")
Change component parameters (AddParameter): Name = "LatestRevisionDate"; Value = "29-May-2009"; VariantName = "[No Variations]"
Change component parameters (AddParameter): Name = "LatestRevisionNote"; Value = "IPC-7351 Footprint Added."; VariantName = "[No Variations]"
Change component parameters (AddParameter): Name = "PackageDescription"; Value = "Chip Capacitor"; VariantName = "[No Variations]"
Change component parameters (AddParameter): Name = "PackageReference"; Value = "C1206"; VariantName = "[No Variations]"
Change component parameters (AddParameter): Name = "Published"; Value = "8-Jun-2000"; VariantName = "[No Variations]"
Change component parameters (AddParameter): Name = "Publisher"; Value = "Altium Limited"; VariantName = "[No Variations]"
Change component parameters (AddParameter): Name = "Value"; Value = "100pF"; VariantName = "[No Variations]"
Change component parameters: Designator = "C5" ("C5"); Footprint = "RB7.6-15"; UniqueID = "\KAPDLTTM" ("\KAPDLTTM")
Change component parameters (AddParameter): Name = "LatestRevisionDate"; Value = "29-May-2009"; VariantName = "[No Variations]"
Change component parameters (AddParameter): Name = "LatestRevisionNote"; Value = "IPC-7351 Footprint Added."; VariantName = "[No Variations]"
Change component parameters (AddParameter): Name = "PackageDescription"; Value = "Chip Capacitor"; VariantName = "[No Variations]"
Change component parameters (AddParameter): Name = "PackageReference"; Value = "C1206"; VariantName = "[No Variations]"
Change component parameters (AddParameter): Name = "Published"; Value = "8-Jun-2000"; VariantName = "[No Variations]"
Change component parameters (AddParameter): Name = "Publisher"; Value = "Altium Limited"; VariantName = "[No Variations]"
Change component parameters (AddParameter): Name = "Value"; Value = "100pF"; VariantName = "[No Variations]"
Change component parameters: Designator = "L1" ("L1"); Footprint = "AXIAL-0.9"; UniqueID = "\MTBMFHNI" ("\MTBMFHNI")
Change component parameters (AddParameter): Name = "LatestRevisionDate"; Value = "17-Jul-2002"; VariantName = "[No Variations]"
Change component parameters (AddParameter): Name = "LatestRevisionNote"; Value = "Re-released for DXP Platform."; VariantName = "[No Variations]"
Change component parameters (AddParameter): Name = "PackageDescription"; Value = "SOD-123; 2 Leads; Body 2.7 x 1.6 mm, (LxW)"; VariantName = "[No Variations]"
Change component parameters (AddParameter): Name = "PackageReference"; Value = "425"; VariantName = "[No Variations]"
Change component parameters (AddParameter): Name = "PackageVersion"; Value = "1988"; VariantName = "[No Variations]"
Change component parameters (AddParameter): Name = "Published"; Value = "24-Mar-1999"; VariantName = "[No Variations]"
Change component parameters (AddParameter): Name = "Publisher"; Value = "Altium Limited"; VariantName = "[No Variations]"
Change component parameters (AddParameter): Name = "Value"; Value = "10mH"; VariantName = "[No Variations]"
