Added Component: Designator=L1(AXIAL-0.9)
Add component. Clean all parameters for all variants
Add component (AddParameter): Name = "Published"; Value = "24-Mar-1999"; VariantName = "[No Variations]"
Add component (AddParameter): Name = "Publisher"; Value = "Altium Limited"; VariantName = "[No Variations]"
Add component (AddParameter): Name = "Revision"; Value = "July-2002: Re-released for DXP Platform."; VariantName = "[No Variations]"
Add component (AddParameter): Name = "Value"; Value = "100uH"; VariantName = "[No Variations]"
Added Component: Designator=R4(AXIAL-0.4)
Add component. Clean all parameters for all variants
Add component (AddParameter): Name = "LatestRevisionDate"; Value = "17-Jul-2002"; VariantName = "[No Variations]"
Add component (AddParameter): Name = "LatestRevisionNote"; Value = "Re-released for DXP Platform."; VariantName = "[No Variations]"
Add component (AddParameter): Name = "PackageReference"; Value = "AXIAL-0.4"; VariantName = "[No Variations]"
Add component (AddParameter): Name = "Published"; Value = "8-Jun-2000"; VariantName = "[No Variations]"
Add component (AddParameter): Name = "Publisher"; Value = "Altium Limited"; VariantName = "[No Variations]"
Add component (AddParameter): Name = "Value"; Value = "1K"; VariantName = "[No Variations]"
Added Component: Designator=S1(0603)
Add component. Clean all parameters for all variants
Added Component: Designator=U4(ST-64-2_L)
Add component. Clean all parameters for all variants
Added Component: Designator=Y1(3.2X1.6X1.1)
Add component. Clean all parameters for all variants
Add component (AddParameter): Name = "LatestRevisionDate"; Value = "17-Jul-2002"; VariantName = "[No Variations]"
Add component (AddParameter): Name = "LatestRevisionNote"; Value = "Re-released for DXP Platform."; VariantName = "[No Variations]"
Add component (AddParameter): Name = "PackageReference"; Value = "R38"; VariantName = "[No Variations]"
Add component (AddParameter): Name = "Published"; Value = "8-Jun-2000"; VariantName = "[No Variations]"
Add component (AddParameter): Name = "Publisher"; Value = "Altium Limited"; VariantName = "[No Variations]"
Added Pin To Net: NetName=NetD2_2 Pin=L1-1
Added Pin To Net: NetName=+5V Pin=L1-2
Added Pin To Net: NetName=NetR4_1 Pin=R4-1
Added Pin To Net: NetName=+12V Pin=R4-2
Added Pin To Net: NetName=GND Pin=S1-1
Added Pin To Net: NetName=NetC24_2 Pin=S1-2
Added Pin To Net: NetName=MCLR Pin=U4-7
Added Pin To Net: NetName=NetR33_2 Pin=U4-8
Added Pin To Net: NetName=GND Pin=U4-9
Added Pin To Net: NetName=+5V Pin=U4-10
Added Pin To Net: NetName=IMP Pin=U4-11
Added Pin To Net: NetName=ADC4 Pin=U4-12
Added Pin To Net: NetName=ADC3 Pin=U4-13
Added Pin To Net: NetName=ADC2 Pin=U4-14
Added Pin To Net: NetName=ADC1 Pin=U4-15
Added Pin To Net: NetName=ADC0 Pin=U4-16
Added Pin To Net: NetName=PGC Pin=U4-17
Added Pin To Net: NetName=PGD Pin=U4-18
Added Pin To Net: NetName=+5V Pin=U4-19
Added Pin To Net: NetName=GND Pin=U4-20
Added Pin To Net: NetName=ButR Pin=U4-21
Added Pin To Net: NetName=ButN Pin=U4-22
Added Pin To Net: NetName=ButD Pin=U4-23
Added Pin To Net: NetName=LightD Pin=U4-24
Added Pin To Net: NetName=GND Pin=U4-25
Added Pin To Net: NetName=+5V Pin=U4-26
Added Pin To Net: NetName=LightN Pin=U4-27
Added Pin To Net: NetName=LightR Pin=U4-28
Added Pin To Net: NetName=ChrgLED Pin=U4-29
Added Pin To Net: NetName=FluidHeater Pin=U4-30
Added Pin To Net: NetName=IsHeating Pin=U4-31
Added Pin To Net: NetName=IsFHerror Pin=U4-32
Added Pin To Net: NetName=TX Pin=U4-33
Added Pin To Net: NetName=RX Pin=U4-34
Added Pin To Net: NetName=NetR30_2 Pin=U4-37
Added Pin To Net: NetName=+5V Pin=U4-38
Added Pin To Net: NetName=NetC17_1 Pin=U4-39
Added Pin To Net: NetName=NetC18_1 Pin=U4-40
Added Pin To Net: NetName=GND Pin=U4-41
Added Pin To Net: NetName=GPIOD8 Pin=U4-42
Added Pin To Net: NetName=GPIOD9 Pin=U4-43
Added Pin To Net: NetName=GPIOD10 Pin=U4-44
Added Pin To Net: NetName=GPIOD11 Pin=U4-45
Added Pin To Net: NetName=GPIOD0 Pin=U4-46
Added Pin To Net: NetName=GPIOC13 Pin=U4-47
Added Pin To Net: NetName=GPIOC14 Pin=U4-48
Added Pin To Net: NetName=GPIOD1 Pin=U4-49
Added Pin To Net: NetName=GPIOD2 Pin=U4-50
Added Pin To Net: NetName=GPIOD3 Pin=U4-51
Added Pin To Net: NetName=GPIOD4 Pin=U4-52
Added Pin To Net: NetName=GPIOD5 Pin=U4-53
Added Pin To Net: NetName=GPIOD6 Pin=U4-54
Added Pin To Net: NetName=GPIOD7 Pin=U4-55
Added Pin To Net: NetName=GND Pin=U4-56
Added Pin To Net: NetName=+5V Pin=U4-57
Added Pin To Net: NetName=CAN_BMS_RX Pin=U4-58
Added Pin To Net: NetName=CAN_BMS_TX Pin=U4-59
Added Pin To Net: NetName=CAN_MUX_TX Pin=U4-60
Added Pin To Net: NetName=CAN_MUX_RX Pin=U4-61
Added Pin To Net: NetName=NetC18_1 Pin=Y1-1
Added Pin To Net: NetName=NetC17_1 Pin=Y1-2
Added Member To Class: ClassName=CAN-to-CAN Member=Component L1 DL22-330
Added Member To Class: ClassName=CAN-to-CAN Member=Component R4 1R
Added Member To Class: ClassName=CAN-to-CAN Member=Component S1 DTSM32NB
Added Member To Class: ClassName=CAN-to-CAN Member=Component U4 PIC30F5011
Added Member To Class: ClassName=CAN-to-CAN Member=Component Y1 10MHz
