Added Component: Designator=J4(HDR2X2)
Add component. Clean all parameters for all variants
Add component (AddParameter): Name = "LatestRevisionDate"; Value = "17-Jul-2002"; VariantName = "[No Variations]"
Add component (AddParameter): Name = "LatestRevisionNote"; Value = "Re-released for DXP Platform."; VariantName = "[No Variations]"
Add component (AddParameter): Name = "Publisher"; Value = "Altium Limited"; VariantName = "[No Variations]"
Added Component: Designator=J5(HDR2X4)
Add component. Clean all parameters for all variants
Add component (AddParameter): Name = "LatestRevisionDate"; Value = "17-Jul-2002"; VariantName = "[No Variations]"
Add component (AddParameter): Name = "LatestRevisionNote"; Value = "Re-released for DXP Platform."; VariantName = "[No Variations]"
Add component (AddParameter): Name = "Publisher"; Value = "Altium Limited"; VariantName = "[No Variations]"
Added Component: Designator=J6(HDR2X3)
Add component. Clean all parameters for all variants
Add component (AddParameter): Name = "LatestRevisionDate"; Value = "17-Jul-2002"; VariantName = "[No Variations]"
Add component (AddParameter): Name = "LatestRevisionNote"; Value = "Re-released for DXP Platform."; VariantName = "[No Variations]"
Add component (AddParameter): Name = "Publisher"; Value = "Altium Limited"; VariantName = "[No Variations]"
Added Component: Designator=J7(HDR2X3)
Add component. Clean all parameters for all variants
Add component (AddParameter): Name = "LatestRevisionDate"; Value = "17-Jul-2002"; VariantName = "[No Variations]"
Add component (AddParameter): Name = "LatestRevisionNote"; Value = "Re-released for DXP Platform."; VariantName = "[No Variations]"
Add component (AddParameter): Name = "Publisher"; Value = "Altium Limited"; VariantName = "[No Variations]"
Added Pin To Net: NetName=GND Pin=J4-1
Added Pin To Net: NetName=+5V Pin=J4-2
Added Pin To Net: NetName=IMP_IN Pin=J4-3
Added Pin To Net: NetName=ILUM Pin=J4-4
Added Pin To Net: NetName=GND Pin=J5-1
Added Pin To Net: NetName=ButD_IN Pin=J5-2
Added Pin To Net: NetName=ButN_IN Pin=J5-3
Added Pin To Net: NetName=ButR_IN Pin=J5-4
Added Pin To Net: NetName=+12V Pin=J5-5
Added Pin To Net: NetName=LightD_OUT Pin=J5-6
Added Pin To Net: NetName=LightN_OUT Pin=J5-7
Added Pin To Net: NetName=LightR_OUT Pin=J5-8
Added Pin To Net: NetName=CAN_MUXED_H Pin=J6-1
Added Pin To Net: NetName=CAN_MUXED_L Pin=J6-2
Added Pin To Net: NetName=+12VPWR Pin=J6-3
Added Pin To Net: NetName=GROUND Pin=J6-4
Added Pin To Net: NetName=IsFHerror_IN Pin=J6-5
Added Pin To Net: NetName=FluidHeater_OUT Pin=J6-6
Added Pin To Net: NetName=CAN_BMSS_H Pin=J7-1
Added Pin To Net: NetName=CAN_BMSS_L Pin=J7-2
Added Pin To Net: NetName=+12VPWR Pin=J7-3
Added Pin To Net: NetName=GROUND Pin=J7-4
Added Pin To Net: NetName=IsHeating_IN Pin=J7-5
Added Pin To Net: NetName=ChrgLED_OUT Pin=J7-6
Added Member To Class: ClassName=CAN-to-CAN Member=Component J4 MX-43045-0400
Added Member To Class: ClassName=CAN-to-CAN Member=Component J5 MX-43045-0800
Added Member To Class: ClassName=CAN-to-CAN Member=Component J6 MX-43045-0600
Added Member To Class: ClassName=CAN-to-CAN Member=Component J7 MX-43045-0600
